<?xml version="1.0" encoding="UTF-8"?>
<!-- Generated by org.testng.reporters.JUnitXMLReporter -->
<testsuite hostname="admin-PC" name="Test" tests="35" failures="0" timestamp="31 Aug 2020 05:24:50 GMT" time="303.342" errors="0">
  <testcase name="@BeforeMethod login" time="0.0" classname="com.vtigerv2.testcripts.Deletecontact">
    <failure type="org.openqa.selenium.NoSuchElementException" message="no such element: Unable to locate element: {&amp;quot;method&amp;quot;:&amp;quot;xpath&amp;quot;,&amp;quot;selector&amp;quot;:&amp;quot;//input[@name=&amp;apos;user_name&amp;apos;]&amp;quot;}
  (Session info: chrome=84.0.4147.135)
For documentation on this error, please visit: https://www.seleniumhq.org/exceptions/no_such_element.html
Build info: version: &amp;apos;3.141.59&amp;apos;, revision: &amp;apos;e82be7d358&amp;apos;, time: &amp;apos;2018-11-14T08:17:03&amp;apos;
System info: host: &amp;apos;ADMIN-PC&amp;apos;, ip: &amp;apos;192.168.225.1&amp;apos;, os.name: &amp;apos;Windows 7&amp;apos;, os.arch: &amp;apos;amd64&amp;apos;, os.version: &amp;apos;6.1&amp;apos;, java.version: &amp;apos;1.8.0_231&amp;apos;
Driver info: org.openqa.selenium.chrome.ChromeDriver
Capabilities {acceptInsecureCerts: false, browserName: chrome, browserVersion: 84.0.4147.135, chrome: {chromedriverVersion: 84.0.4147.30 (48b3e868b4cc0..., userDataDir: C:\Users\admin\AppData\Loca...}, goog:chromeOptions: {debuggerAddress: localhost:55228}, javascriptEnabled: true, networkConnectionEnabled: false, pageLoadStrategy: normal, platform: WINDOWS, platformName: WINDOWS, proxy: Proxy(), setWindowRect: true, strictFileInteractability: false, timeouts: {implicit: 0, pageLoad: 300000, script: 30000}, unhandledPromptBehavior: dismiss and notify, webauthn:virtualAuthenticators: true}
Session ID: 79989b950d3091d6ed6c38c451f0a5bb
*** Element info: {Using=xpath, value=//input[@name=&amp;apos;user_name&amp;apos;]}">
      <![CDATA[org.openqa.selenium.NoSuchElementException: no such element: Unable to locate element: {"method":"xpath","selector":"//input[@name='user_name']"}
  (Session info: chrome=84.0.4147.135)
For documentation on this error, please visit: https://www.seleniumhq.org/exceptions/no_such_element.html
Build info: version: '3.141.59', revision: 'e82be7d358', time: '2018-11-14T08:17:03'
System info: host: 'ADMIN-PC', ip: '192.168.225.1', os.name: 'Windows 7', os.arch: 'amd64', os.version: '6.1', java.version: '1.8.0_231'
Driver info: org.openqa.selenium.chrome.ChromeDriver
Capabilities {acceptInsecureCerts: false, browserName: chrome, browserVersion: 84.0.4147.135, chrome: {chromedriverVersion: 84.0.4147.30 (48b3e868b4cc0..., userDataDir: C:\Users\admin\AppData\Loca...}, goog:chromeOptions: {debuggerAddress: localhost:55228}, javascriptEnabled: true, networkConnectionEnabled: false, pageLoadStrategy: normal, platform: WINDOWS, platformName: WINDOWS, proxy: Proxy(), setWindowRect: true, strictFileInteractability: false, timeouts: {implicit: 0, pageLoad: 300000, script: 30000}, unhandledPromptBehavior: dismiss and notify, webauthn:virtualAuthenticators: true}
Session ID: 79989b950d3091d6ed6c38c451f0a5bb
*** Element info: {Using=xpath, value=//input[@name='user_name']}
	at org.openqa.selenium.remote.http.W3CHttpResponseCodec.createException(W3CHttpResponseCodec.java:187)
	at org.openqa.selenium.remote.http.W3CHttpResponseCodec.decode(W3CHttpResponseCodec.java:122)
	at org.openqa.selenium.remote.http.W3CHttpResponseCodec.decode(W3CHttpResponseCodec.java:49)
	at org.openqa.selenium.remote.HttpCommandExecutor.execute(HttpCommandExecutor.java:158)
	at org.openqa.selenium.remote.service.DriverCommandExecutor.execute(DriverCommandExecutor.java:83)
	at org.openqa.selenium.remote.RemoteWebDriver.execute(RemoteWebDriver.java:552)
	at org.openqa.selenium.remote.RemoteWebDriver.findElement(RemoteWebDriver.java:323)
	at org.openqa.selenium.remote.RemoteWebDriver.findElementByXPath(RemoteWebDriver.java:428)
	at org.openqa.selenium.By$ByXPath.findElement(By.java:353)
	at org.openqa.selenium.remote.RemoteWebDriver.findElement(RemoteWebDriver.java:315)
	at org.openqa.selenium.support.pagefactory.DefaultElementLocator.findElement(DefaultElementLocator.java:69)
	at org.openqa.selenium.support.pagefactory.internal.LocatingElementHandler.invoke(LocatingElementHandler.java:38)
	at com.sun.proxy.$Proxy11.sendKeys(Unknown Source)
	at com.vtigerv2.pom.LoginPage.loggingin(LoginPage.java:23)
	at com.vtigerv2.generics.BaseClass.login(BaseClass.java:62)
... Removed 31 stack frames]]>
    </failure>
  </testcase> <!-- @BeforeMethod login -->
  <testcase name="@AfterMethod logout" time="0.0" classname="com.vtigerv2.testcripts.Deletecontact">
    <skipped/>
  </testcase> <!-- @AfterMethod logout -->
  <testcase name="@BeforeMethod login" time="0.0" classname="com.vtigerv2.testcripts.Createlead">
    <skipped/>
  </testcase> <!-- @BeforeMethod login -->
  <testcase name="@AfterMethod logout" time="0.0" classname="com.vtigerv2.testcripts.Createlead">
    <skipped/>
  </testcase> <!-- @AfterMethod logout -->
  <testcase name="@BeforeMethod login" time="0.0" classname="com.vtigerv2.testcripts.Cancelcreatelead">
    <skipped/>
  </testcase> <!-- @BeforeMethod login -->
  <testcase name="@AfterMethod logout" time="0.0" classname="com.vtigerv2.testcripts.Cancelcreatelead">
    <skipped/>
  </testcase> <!-- @AfterMethod logout -->
  <testcase name="@BeforeMethod login" time="0.0" classname="com.vtigerv2.testcripts.EditLead">
    <skipped/>
  </testcase> <!-- @BeforeMethod login -->
  <testcase name="@AfterMethod logout" time="0.0" classname="com.vtigerv2.testcripts.EditLead">
    <skipped/>
  </testcase> <!-- @AfterMethod logout -->
  <testcase name="@BeforeMethod login" time="0.0" classname="com.vtigerv2.testcripts.Leadmassedit">
    <skipped/>
  </testcase> <!-- @BeforeMethod login -->
  <testcase name="@AfterMethod logout" time="0.0" classname="com.vtigerv2.testcripts.Leadmassedit">
    <skipped/>
  </testcase> <!-- @AfterMethod logout -->
  <testcase name="@BeforeMethod login" time="0.0" classname="com.vtigerv2.testcripts.Importlead">
    <skipped/>
  </testcase> <!-- @BeforeMethod login -->
  <testcase name="@AfterMethod logout" time="0.0" classname="com.vtigerv2.testcripts.Importlead">
    <skipped/>
  </testcase> <!-- @AfterMethod logout -->
  <testcase name="@BeforeMethod login" time="0.0" classname="com.vtigerv2.testcripts.DeleteLead">
    <skipped/>
  </testcase> <!-- @BeforeMethod login -->
  <testcase name="@AfterMethod logout" time="0.0" classname="com.vtigerv2.testcripts.DeleteLead">
    <skipped/>
  </testcase> <!-- @AfterMethod logout -->
  <testcase name="@BeforeMethod login" time="0.0" classname="com.vtigerv2.testcripts.Createoppertunity">
    <skipped/>
  </testcase> <!-- @BeforeMethod login -->
  <testcase name="@AfterMethod logout" time="0.0" classname="com.vtigerv2.testcripts.Createoppertunity">
    <skipped/>
  </testcase> <!-- @AfterMethod logout -->
  <testcase name="@BeforeMethod login" time="0.0" classname="com.vtigerv2.testcripts.Exportopertunity">
    <skipped/>
  </testcase> <!-- @BeforeMethod login -->
  <testcase name="@AfterMethod logout" time="0.0" classname="com.vtigerv2.testcripts.Exportopertunity">
    <skipped/>
  </testcase> <!-- @AfterMethod logout -->
  <testcase name="@BeforeMethod login" time="0.0" classname="com.vtigerv2.testcripts.Editoppertunity">
    <skipped/>
  </testcase> <!-- @BeforeMethod login -->
  <testcase name="@AfterMethod logout" time="0.0" classname="com.vtigerv2.testcripts.Editoppertunity">
    <skipped/>
  </testcase> <!-- @AfterMethod logout -->
  <testcase name="@BeforeMethod login" time="0.0" classname="com.vtigerv2.testcripts.importoppertunity">
    <skipped/>
  </testcase> <!-- @BeforeMethod login -->
  <testcase name="@AfterMethod logout" time="0.0" classname="com.vtigerv2.testcripts.importoppertunity">
    <skipped/>
  </testcase> <!-- @AfterMethod logout -->
  <testcase name="@BeforeMethod login" time="0.0" classname="com.vtigerv2.testcripts.Searchoppertunity">
    <skipped/>
  </testcase> <!-- @BeforeMethod login -->
  <testcase name="@AfterMethod logout" time="0.0" classname="com.vtigerv2.testcripts.Searchoppertunity">
    <skipped/>
  </testcase> <!-- @AfterMethod logout -->
  <testcase name="@BeforeMethod login" time="0.0" classname="com.vtigerv2.testcripts.Deleteopurtunity">
    <skipped/>
  </testcase> <!-- @BeforeMethod login -->
  <testcase name="@AfterMethod logout" time="0.0" classname="com.vtigerv2.testcripts.Deleteopurtunity">
    <skipped/>
  </testcase> <!-- @AfterMethod logout -->
  <testcase name="@BeforeMethod login" time="0.0" classname="com.vtigerv2.testcripts.Createsrvice">
    <skipped/>
  </testcase> <!-- @BeforeMethod login -->
  <testcase name="@AfterMethod logout" time="0.0" classname="com.vtigerv2.testcripts.Createsrvice">
    <skipped/>
  </testcase> <!-- @AfterMethod logout -->
  <testcase name="@BeforeMethod login" time="0.0" classname="com.vtigerv2.testcripts.Createmultiservices">
    <skipped/>
  </testcase> <!-- @BeforeMethod login -->
  <testcase name="@AfterMethod logout" time="0.0" classname="com.vtigerv2.testcripts.Createmultiservices">
    <skipped/>
  </testcase> <!-- @AfterMethod logout -->
  <testcase name="@BeforeMethod login" time="0.0" classname="com.vtigerv2.testcripts.Editservices">
    <skipped/>
  </testcase> <!-- @BeforeMethod login -->
  <testcase name="@AfterMethod logout" time="0.0" classname="com.vtigerv2.testcripts.Editservices">
    <skipped/>
  </testcase> <!-- @AfterMethod logout -->
  <testcase name="@BeforeMethod login" time="0.0" classname="com.vtigerv2.testcripts.Exportservicecancel">
    <skipped/>
  </testcase> <!-- @BeforeMethod login -->
  <testcase name="@AfterMethod logout" time="0.0" classname="com.vtigerv2.testcripts.Exportservicecancel">
    <skipped/>
  </testcase> <!-- @AfterMethod logout -->
  <testcase name="@BeforeMethod login" time="0.0" classname="com.vtigerv2.testcripts.Exportcancel">
    <skipped/>
  </testcase> <!-- @BeforeMethod login -->
  <testcase name="@AfterMethod logout" time="0.0" classname="com.vtigerv2.testcripts.Exportcancel">
    <skipped/>
  </testcase> <!-- @AfterMethod logout -->
  <testcase name="@BeforeMethod login" time="0.0" classname="com.vtigerv2.testcripts.Cancelservicemassedit">
    <skipped/>
  </testcase> <!-- @BeforeMethod login -->
  <testcase name="@AfterMethod logout" time="0.0" classname="com.vtigerv2.testcripts.Cancelservicemassedit">
    <skipped/>
  </testcase> <!-- @AfterMethod logout -->
  <testcase name="@BeforeMethod login" time="0.0" classname="com.vtigerv2.testcripts.Servicemassedit">
    <skipped/>
  </testcase> <!-- @BeforeMethod login -->
  <testcase name="@AfterMethod logout" time="0.0" classname="com.vtigerv2.testcripts.Servicemassedit">
    <skipped/>
  </testcase> <!-- @AfterMethod logout -->
  <testcase name="@BeforeMethod login" time="0.0" classname="com.vtigerv2.testcripts.importcancel">
    <skipped/>
  </testcase> <!-- @BeforeMethod login -->
  <testcase name="@AfterMethod logout" time="0.0" classname="com.vtigerv2.testcripts.importcancel">
    <skipped/>
  </testcase> <!-- @AfterMethod logout -->
  <testcase name="@BeforeMethod login" time="0.0" classname="com.vtigerv2.testcripts.Importservices">
    <skipped/>
  </testcase> <!-- @BeforeMethod login -->
  <testcase name="@AfterMethod logout" time="0.0" classname="com.vtigerv2.testcripts.Importservices">
    <skipped/>
  </testcase> <!-- @AfterMethod logout -->
  <testcase name="@BeforeMethod login" time="0.0" classname="com.vtigerv2.testcripts.Exportservice">
    <skipped/>
  </testcase> <!-- @BeforeMethod login -->
  <testcase name="@AfterMethod logout" time="0.0" classname="com.vtigerv2.testcripts.Exportservice">
    <skipped/>
  </testcase> <!-- @AfterMethod logout -->
  <testcase name="@BeforeMethod login" time="0.0" classname="com.vtigerv2.testcripts.moreinfoinvoice">
    <skipped/>
  </testcase> <!-- @BeforeMethod login -->
  <testcase name="@AfterMethod logout" time="0.0" classname="com.vtigerv2.testcripts.moreinfoinvoice">
    <skipped/>
  </testcase> <!-- @AfterMethod logout -->
  <testcase name="@BeforeMethod login" time="0.0" classname="com.vtigerv2.testcripts.moreinfoinvoice_cancel">
    <skipped/>
  </testcase> <!-- @BeforeMethod login -->
  <testcase name="@AfterMethod logout" time="0.0" classname="com.vtigerv2.testcripts.moreinfoinvoice_cancel">
    <skipped/>
  </testcase> <!-- @AfterMethod logout -->
  <testcase name="@BeforeMethod login" time="0.0" classname="com.vtigerv2.testcripts.Moreinformation">
    <skipped/>
  </testcase> <!-- @BeforeMethod login -->
  <testcase name="@AfterMethod logout" time="0.0" classname="com.vtigerv2.testcripts.Moreinformation">
    <skipped/>
  </testcase> <!-- @AfterMethod logout -->
  <testcase name="@BeforeMethod login" time="0.0" classname="com.vtigerv2.testcripts.importnextcancel">
    <skipped/>
  </testcase> <!-- @BeforeMethod login -->
  <testcase name="@AfterMethod logout" time="0.0" classname="com.vtigerv2.testcripts.importnextcancel">
    <skipped/>
  </testcase> <!-- @AfterMethod logout -->
  <testcase name="@BeforeMethod login" time="0.0" classname="com.vtigerv2.testcripts.Moreinfoleads">
    <skipped/>
  </testcase> <!-- @BeforeMethod login -->
  <testcase name="@AfterMethod logout" time="0.0" classname="com.vtigerv2.testcripts.Moreinfoleads">
    <skipped/>
  </testcase> <!-- @AfterMethod logout -->
  <testcase name="@BeforeMethod login" time="0.0" classname="com.vtigerv2.testcripts.Importservicecancel">
    <skipped/>
  </testcase> <!-- @BeforeMethod login -->
  <testcase name="@AfterMethod logout" time="0.0" classname="com.vtigerv2.testcripts.Importservicecancel">
    <skipped/>
  </testcase> <!-- @AfterMethod logout -->
  <testcase name="@BeforeMethod login" time="0.0" classname="com.vtigerv2.testcripts.moreinfoleads_cancel">
    <skipped/>
  </testcase> <!-- @BeforeMethod login -->
  <testcase name="@AfterMethod logout" time="0.0" classname="com.vtigerv2.testcripts.moreinfoleads_cancel">
    <skipped/>
  </testcase> <!-- @AfterMethod logout -->
  <testcase name="@AfterTest closeBrowser" time="0.0" classname="com.vtigerv2.testcripts.Createcontact">
    <skipped/>
  </testcase> <!-- @AfterTest closeBrowser -->
  <testcase name="createcontacttest" time="61.104" classname="com.vtigerv2.testcripts.Createcontact"/>
  <testcase name="editcontacttest" time="53.185" classname="com.vtigerv2.testcripts.Editcontact"/>
  <testcase name="duplicatetest" time="15.596" classname="com.vtigerv2.testcripts.Duplicatecontact"/>
  <testcase name="importcontacttest" time="38.7" classname="com.vtigerv2.testcripts.Importcontact"/>
  <testcase name="searchbuttontest" time="14.961" classname="com.vtigerv2.testcripts.export"/>
  <testcase name="deleteContacttest" time="0.002" classname="com.vtigerv2.testcripts.Deletecontact">
    <skipped/>
  </testcase> <!-- deleteContacttest -->
  <testcase name="createLead" time="0.002" classname="com.vtigerv2.testcripts.Createlead">
    <skipped/>
  </testcase> <!-- createLead -->
  <testcase name="cancelCreatelead" time="0.005" classname="com.vtigerv2.testcripts.Cancelcreatelead">
    <skipped/>
  </testcase> <!-- cancelCreatelead -->
  <testcase name="editLead" time="0.002" classname="com.vtigerv2.testcripts.EditLead">
    <skipped/>
  </testcase> <!-- editLead -->
  <testcase name="leadMassedit" time="0.002" classname="com.vtigerv2.testcripts.Leadmassedit">
    <skipped/>
  </testcase> <!-- leadMassedit -->
  <testcase name="importLead" time="0.001" classname="com.vtigerv2.testcripts.Importlead">
    <skipped/>
  </testcase> <!-- importLead -->
  <testcase name="deleteLead" time="0.002" classname="com.vtigerv2.testcripts.DeleteLead">
    <skipped/>
  </testcase> <!-- deleteLead -->
  <testcase name="createOppurtunity" time="0.002" classname="com.vtigerv2.testcripts.Createoppertunity">
    <skipped/>
  </testcase> <!-- createOppurtunity -->
  <testcase name="exportOppertunity" time="0.001" classname="com.vtigerv2.testcripts.Exportopertunity">
    <skipped/>
  </testcase> <!-- exportOppertunity -->
  <testcase name="editOppertunity" time="0.002" classname="com.vtigerv2.testcripts.Editoppertunity">
    <skipped/>
  </testcase> <!-- editOppertunity -->
  <testcase name="importOpertunity" time="0.002" classname="com.vtigerv2.testcripts.importoppertunity">
    <skipped/>
  </testcase> <!-- importOpertunity -->
  <testcase name="searchOpertunity" time="0.001" classname="com.vtigerv2.testcripts.Searchoppertunity">
    <skipped/>
  </testcase> <!-- searchOpertunity -->
  <testcase name="deleteOpurtunity" time="0.001" classname="com.vtigerv2.testcripts.Deleteopurtunity">
    <skipped/>
  </testcase> <!-- deleteOpurtunity -->
  <testcase name="craeteService" time="0.002" classname="com.vtigerv2.testcripts.Createsrvice">
    <skipped/>
  </testcase> <!-- craeteService -->
  <testcase name="createMultiservices" time="0.001" classname="com.vtigerv2.testcripts.Createmultiservices">
    <skipped/>
  </testcase> <!-- createMultiservices -->
  <testcase name="ediotServices" time="0.001" classname="com.vtigerv2.testcripts.Editservices">
    <skipped/>
  </testcase> <!-- ediotServices -->
  <testcase name="exportService" time="0.001" classname="com.vtigerv2.testcripts.Exportservicecancel">
    <skipped/>
  </testcase> <!-- exportService -->
  <testcase name="exportCancel" time="0.001" classname="com.vtigerv2.testcripts.Exportcancel">
    <skipped/>
  </testcase> <!-- exportCancel -->
  <testcase name="massedit" time="0.001" classname="com.vtigerv2.testcripts.Cancelservicemassedit">
    <skipped/>
  </testcase> <!-- massedit -->
  <testcase name="serviceMassedit" time="0.001" classname="com.vtigerv2.testcripts.Servicemassedit">
    <skipped/>
  </testcase> <!-- serviceMassedit -->
  <testcase name="importCancel" time="0.001" classname="com.vtigerv2.testcripts.importcancel">
    <skipped/>
  </testcase> <!-- importCancel -->
  <testcase name="importServices" time="0.001" classname="com.vtigerv2.testcripts.Importservices">
    <skipped/>
  </testcase> <!-- importServices -->
  <testcase name="exportServices" time="0.001" classname="com.vtigerv2.testcripts.Exportservice">
    <skipped/>
  </testcase> <!-- exportServices -->
  <testcase name="invoice" time="0.001" classname="com.vtigerv2.testcripts.moreinfoinvoice">
    <skipped/>
  </testcase> <!-- invoice -->
  <testcase name="invoiceCancel" time="0.001" classname="com.vtigerv2.testcripts.moreinfoinvoice_cancel">
    <skipped/>
  </testcase> <!-- invoiceCancel -->
  <testcase name="moreInformation" time="0.001" classname="com.vtigerv2.testcripts.Moreinformation">
    <skipped/>
  </testcase> <!-- moreInformation -->
  <testcase name="importnextCancel" time="0.001" classname="com.vtigerv2.testcripts.importnextcancel">
    <skipped/>
  </testcase> <!-- importnextCancel -->
  <testcase name="leads" time="0.0" classname="com.vtigerv2.testcripts.Moreinfoleads">
    <skipped/>
  </testcase> <!-- leads -->
  <testcase name="importCancel" time="0.001" classname="com.vtigerv2.testcripts.Importservicecancel">
    <skipped/>
  </testcase> <!-- importCancel -->
  <testcase name="cancel" time="0.007" classname="com.vtigerv2.testcripts.moreinfoleads_cancel">
    <skipped/>
  </testcase> <!-- cancel -->
</testsuite> <!-- Test -->
